<?xml version="1.0" encoding="UTF-8"?>
<testsuite xmlns:xsi="http://www.w3.org/2001/XMLSchema-instance" xsi:noNamespaceSchemaLocation="https://maven.apache.org/surefire/maven-surefire-plugin/xsd/surefire-test-report-3.0.xsd" version="3.0" name="selenium_web_classes.selenium_webTest" time="50.609" tests="9" errors="0" skipped="0" failures="0">
  <properties>
[...]
</properties>
  <testcase name="testPorcentaje_Negativo_Or_A_or_B" classname="selenium_web_classes.selenium_webTest" time="9.6"/>
  <testcase name="testPorcentaje_Positivo_A_B" classname="selenium_web_classes.selenium_webTest" time="5.16"/>
  <testcase name="testPorcentaje_Cero_A" classname="selenium_web_classes.selenium_webTest" time="5.177"/>
  <testcase name="testPorcentaje_Cero_B" classname="selenium_web_classes.selenium_webTest" time="5.121"/>
  <testcase name="testPorcentaje_Negativo_A" classname="selenium_web_classes.selenium_webTest" time="5.139"/>
  <testcase name="testPorcentaje_Negativo_B" classname="selenium_web_classes.selenium_webTest" time="5.074"/>
  <testcase name="testPorcentaje_Decimal_A" classname="selenium_web_classes.selenium_webTest" time="4.973"/>
  <testcase name="testPorcentaje_Decimal_B" classname="selenium_web_classes.selenium_webTest" time="5.088"/>
  <testcase name="testPorcentaje_Positivo_A_and_B" classname="selenium_web_classes.selenium_webTest" time="5.114"/>
</testsuite>